<?xml version="1.0" encoding="UTF-8"?>
<testsuite xmlns:xsi="http://www.w3.org/2001/XMLSchema-instance" xsi:noNamespaceSchemaLocation="https://maven.apache.org/surefire/maven-surefire-plugin/xsd/surefire-test-report-3.0.xsd" version="3.0" name="tests.BookingTest" time="16.687" tests="1" errors="0" skipped="0" failures="1">
  <properties>
[...]
</properties>
  <testcase name="bookingAutomationTest" classname="tests.BookingTest" time="15.176">
    <failure message="Element not found {By.xpath: //h1[contains(text(),&apos;Анталья&apos;)]}&#10;Expected: text &quot;Анталья&quot;&#10;Screenshot: file:/C:/Users/User/IdeaProjects/dz3/build/reports/tests/1734261380410.0.png&#10;Page source: file:/C:/Users/User/IdeaProjects/dz3/build/reports/tests/1734261380410.0.html&#10;Timeout: 6 s.&#10;Caused by: NoSuchElementException: no such element: Unable to locate element: {&quot;method&quot;:&quot;xpath&quot;,&quot;selector&quot;:&quot;//h1[contains(text(),&apos;Анталья&apos;)]&quot;}" type="Element not found {By.xpath"><![CDATA[Element not found {By.xpath: //h1[contains(text(),'Анталья')]}
Expected: text "Анталья"
Screenshot: file:/C:/Users/User/IdeaProjects/dz3/build/reports/tests/1734261380410.0.png
Page source: file:/C:/Users/User/IdeaProjects/dz3/build/reports/tests/1734261380410.0.html
Timeout: 6 s.
Caused by: NoSuchElementException: no such element: Unable to locate element: {"method":"xpath","selector":"//h1[contains(text(),'Анталья')]"}
	at com.codeborne.selenide.impl.WebElementSource.createElementNotFoundError(WebElementSource.java:91)
	at com.codeborne.selenide.impl.ElementFinder.createElementNotFoundError(ElementFinder.java:142)
	at com.codeborne.selenide.impl.WebElementSource.handleError(WebElementSource.java:143)
	at com.codeborne.selenide.impl.WebElementSource.checkConditionAndReturnElement(WebElementSource.java:127)
	at com.codeborne.selenide.impl.WebElementSource.checkCondition(WebElementSource.java:104)
	at com.codeborne.selenide.commands.Should.execute(Should.java:30)
	at com.codeborne.selenide.commands.Should.execute(Should.java:14)
	at com.codeborne.selenide.commands.Commands.execute(Commands.java:162)
	at com.codeborne.selenide.impl.SelenideElementProxy.dispatchAndRetry(SelenideElementProxy.java:132)
	at com.codeborne.selenide.impl.SelenideElementProxy.invoke(SelenideElementProxy.java:84)
	at jdk.proxy2/jdk.proxy2.$Proxy14.shouldHave(Unknown Source)
	at pages.BookingPage.verifySearchResult(BookingPage.java:29)
	at tests.BookingTest.bookingAutomationTest(BookingTest.java:53)
	at java.base/java.lang.reflect.Method.invoke(Method.java:569)
	at java.base/java.util.ArrayList.forEach(ArrayList.java:1511)
	at java.base/java.util.ArrayList.forEach(ArrayList.java:1511)
Caused by: org.openqa.selenium.NoSuchElementException: no such element: Unable to locate element: {"method":"xpath","selector":"//h1[contains(text(),'Анталья')]"}
  (Session info: chrome=131.0.6778.140)
For documentation on this error, please visit: https://www.selenium.dev/documentation/webdriver/troubleshooting/errors#no-such-element-exception
Build info: version: '4.10.0', revision: 'c14d967899'
System info: os.name: 'Windows 11', os.arch: 'amd64', os.version: '10.0', java.version: '17.0.13'
Driver info: org.openqa.selenium.chrome.ChromeDriver
Command: [d1b0d81f2958f9184ec49414ea92ecf0, findElement {using=xpath, value=//h1[contains(text(),'Анталья')]}]
Capabilities {acceptInsecureCerts: true, browserName: chrome, browserVersion: 131.0.6778.140, chrome: {chromedriverVersion: 131.0.6778.108 (3b014839fbc..., userDataDir: C:\Users\User\AppData\Local...}, fedcm:accounts: true, goog:chromeOptions: {debuggerAddress: localhost:54324}, networkConnectionEnabled: false, pageLoadStrategy: normal, platformName: windows, proxy: Proxy(), se:cdp: ws://localhost:54324/devtoo..., se:cdpVersion: 131.0.6778.140, setWindowRect: true, strictFileInteractability: false, timeouts: {implicit: 0, pageLoad: 300000, script: 30000}, unhandledPromptBehavior: accept, webauthn:extension:credBlob: true, webauthn:extension:largeBlob: true, webauthn:extension:minPinLength: true, webauthn:extension:prf: true, webauthn:virtualAuthenticators: true}
Session ID: d1b0d81f2958f9184ec49414ea92ecf0
	at jdk.internal.reflect.GeneratedConstructorAccessor11.newInstance(Unknown Source)
	at java.base/jdk.internal.reflect.DelegatingConstructorAccessorImpl.newInstance(DelegatingConstructorAccessorImpl.java:45)
	at java.base/java.lang.reflect.Constructor.newInstanceWithCaller(Constructor.java:500)
	at java.base/java.lang.reflect.Constructor.newInstance(Constructor.java:481)
	at org.openqa.selenium.remote.codec.w3c.W3CHttpResponseCodec.createException(W3CHttpResponseCodec.java:199)
	at org.openqa.selenium.remote.codec.w3c.W3CHttpResponseCodec.decode(W3CHttpResponseCodec.java:132)
	at org.openqa.selenium.remote.codec.w3c.W3CHttpResponseCodec.decode(W3CHttpResponseCodec.java:51)
	at org.openqa.selenium.remote.HttpCommandExecutor.execute(HttpCommandExecutor.java:191)
	at org.openqa.selenium.remote.service.DriverCommandExecutor.invokeExecute(DriverCommandExecutor.java:196)
	at org.openqa.selenium.remote.service.DriverCommandExecutor.execute(DriverCommandExecutor.java:171)
	at org.openqa.selenium.remote.RemoteWebDriver.execute(RemoteWebDriver.java:531)
	at org.openqa.selenium.remote.ElementLocation$ElementFinder$2.findElement(ElementLocation.java:165)
	at org.openqa.selenium.remote.ElementLocation.findElement(ElementLocation.java:59)
	at org.openqa.selenium.remote.RemoteWebDriver.findElement(RemoteWebDriver.java:350)
	at org.openqa.selenium.remote.RemoteWebDriver.findElement(RemoteWebDriver.java:344)
	at com.codeborne.selenide.impl.WebElementSelector.findElement(WebElementSelector.java:70)
	at com.codeborne.selenide.impl.WebElementSelector.findElement(WebElementSelector.java:44)
	at com.codeborne.selenide.impl.WebElementSelector.findElement(WebElementSelector.java:33)
	at com.codeborne.selenide.impl.ElementFinder.getWebElement(ElementFinder.java:122)
	at com.codeborne.selenide.impl.WebElementSource.checkConditionAndReturnElement(WebElementSource.java:116)
	... 12 more
]]></failure>
    <system-err><![CDATA[SLF4J: No SLF4J providers were found.
SLF4J: Defaulting to no-operation (NOP) logger implementation
SLF4J: See https://www.slf4j.org/codes.html#noProviders for further details.
дек. 15, 2024 2:16:07 PM org.openqa.selenium.remote.service.DriverService$Builder getLogOutput
INFO: Driver logs no longer sent to console by default; https://www.selenium.dev/documentation/webdriver/drivers/service/#setting-log-output
дек. 15, 2024 2:16:09 PM org.openqa.selenium.devtools.CdpVersionFinder findNearestMatch
WARNING: Unable to find CDP implementation matching 131
дек. 15, 2024 2:16:09 PM org.openqa.selenium.chromium.ChromiumDriver lambda$new$4
WARNING: Unable to find version of CDP to use for . You may need to include a dependency on a specific version of the CDP using something similar to `org.seleniumhq.selenium:selenium-devtools-v86:4.10.0` where the version ("v86") matches the version of the chromium-based browser you're using and the version number of the artifact is the same as Selenium's.
]]></system-err>
  </testcase>
</testsuite>